asterix:try auimendoza$ python q2ica.py 
==========
Reading Credit Card  data...
doing ICA...
done. plotting...
plot re...
mean kurtosis = 225.70304
total no of components = 30
no of components that are non-gaussian = 22
plot ICA kurtosis and non-gaussian sources...
ICA: reducing components to 15...
Saving Xt...
Reading Credit Card test data...
ICA: reducing components to 15...
Saving Xt...
done.
==========
Reading Sign Language  data...
doing ICA...
/Users/auimendoza/anaconda/lib/python2.7/site-packages/sklearn/decomposition/fastica_.py:118: UserWarning: FastICA did not converge. Consider increasing tolerance or the maximum number of iterations.
  warnings.warn('FastICA did not converge. Consider increasing '
done. plotting...
plot re...
plot ICA reconstructed images...
mean kurtosis = 481.78683
total no of components = 784
no of components that are non-gaussian = 784
plot ICA kurtosis and non-gaussian sources...
ICA: reducing components to 112...
Saving Xt...
Reading Sign Language test data...
ICA: reducing components to 112...
Saving Xt...
done.
asterix:try auimendoza$ 
