asterix:try auimendoza$ python q2lda.py 
==========
Reading Credit Card  data...
doing LDA...
done. plotting...
LDA: reduced components to 1...
total explained variance from reduced dimensions = 1.000
f1 score = 0.861
Saving Xt...
==========
Reading Sign Language  data...
doing LDA...
done. plotting...
LDA: reduced components to 23...
total explained variance from reduced dimensions = 1.000
plot scree...
accuracy score = 0.990
Saving Xt...
==========
Reading Credit Card test data...
doing LDA...
done. plotting...
LDA: reduced components to 1...
total explained variance from reduced dimensions = 1.000
f1 score = 0.856
Saving Xt...
==========
Reading Sign Language test data...
doing LDA...
done. plotting...
LDA: reduced components to 23...
total explained variance from reduced dimensions = 1.000
plot scree...
accuracy score = 0.397
Saving Xt...
done.
