asterix:a3 auimendoza$ python q2pca.py 
==========
Reading credit card data...
doing PCA...
done. plotting...
plot re...
minimum # of components with variance explained > 0.95: 18
biplot...
plot scree...
PCA: reducing components to 18...
done.
==========
Reading sign language data...
doing PCA...
done. plotting...
plot re...
plot PCA reconstructed images...
minimum # of components with variance explained > 0.95: 111
biplot...
plot scree...
PCA: reducing components to 111...
done.
asterix:a3 auimendoza$ 
