asterix:assign3 auimendoza$ python q2rp.py
==========
Reading credit card data...
doing RP0...
done. plotting...
plot pdiff...
plot re...
==========
Reading credit card data...
doing RP1...
done. plotting...
plot pdiff...
plot re...
==========
Reading credit card data...
doing RP2...
done. plotting...
plot pdiff...
plot re...
==========
Reading credit card data...
doing RP3...
done. plotting...
plot pdiff...
plot re...
==========
Reading credit card data...
doing RP4...
done. plotting...
plot pdiff...
plot re...
RP: reducing components to 11...
calculating jl bounds
done.
==========
Reading sign language data...
doing RP0...
done. plotting...
plot pdiff...
plot re...
plot RP0 reconstructed images...
==========
Reading sign language data...
doing RP1...
done. plotting...
plot pdiff...
plot re...
plot RP1 reconstructed images...
==========
Reading sign language data...
doing RP2...
done. plotting...
plot pdiff...
plot re...
plot RP2 reconstructed images...
==========
Reading sign language data...
doing RP3...
done. plotting...
plot pdiff...
plot re...
plot RP3 reconstructed images...
==========
Reading sign language data...
doing RP4...
done. plotting...
plot pdiff...
plot re...
plot RP4 reconstructed images...
RP: reducing components to 280...
calculating jl bounds
done.
asterix:assign3 auimendoza$