asterix:try auimendoza$ python q4.py 
=========
Start: Sun Nov  4 14:21:59 2018
=========
Reading Credit Card  data...
Reading PCA-reduced Credit Card  data...
Reading Credit Card test data...
Reading PCA-reduced Credit Card test data...
Training...
Predicting...
PCA train f1 score: 0.978
PCA test f1 score: 0.886
Reading Credit Card  data...
Reading ICA-reduced Credit Card  data...
Reading Credit Card test data...
Reading ICA-reduced Credit Card test data...
Training...
Predicting...
ICA train f1 score: 0.894
ICA test f1 score: 0.873
Reading Credit Card  data...
Reading RP-reduced Credit Card  data...
Reading Credit Card test data...
Reading RP-reduced Credit Card test data...
Training...
Predicting...
RP train f1 score: 0.917
RP test f1 score: 0.865
Reading Credit Card  data...
Reading LDA-reduced Credit Card  data...
Reading Credit Card test data...
Reading LDA-reduced Credit Card test data...
Training...
Predicting...
LDA train f1 score: 0.907
LDA test f1 score: 0.873
plot Credit Card Train vs Test F1 Score
(Reduced)...
Reading Sign Language  data...
Reading PCA-reduced Sign Language  data...
Reading Sign Language test data...
Reading PCA-reduced Sign Language test data...
Training...
Predicting...
PCA train accuracy: 1.000
PCA test accuracy: 0.760
Reading Sign Language  data...
Reading ICA-reduced Sign Language  data...
Reading Sign Language test data...
Reading ICA-reduced Sign Language test data...
Training...
Predicting...
ICA train accuracy: 0.848
ICA test accuracy: 0.640
Reading Sign Language  data...
Reading RP-reduced Sign Language  data...
Reading Sign Language test data...
Reading RP-reduced Sign Language test data...
Training...
Predicting...
RP train accuracy: 0.989
RP test accuracy: 0.715
Reading Sign Language  data...
Reading LDA-reduced Sign Language  data...
Reading Sign Language test data...
Reading LDA-reduced Sign Language test data...
Training...
Predicting...
LDA train accuracy: 1.000
LDA test accuracy: 0.360
plot Sign Language Train vs Test Accuracy
(Reduced)...

==========
End: Sun Nov  4 14:23:35 2018
==========
Total Time: 95 secs
