=========
Start: Sun Nov  4 01:35:03 2018
=========
Clustering the test set
----------
Reading Credit Card test data...
Reading PCA-reduced Credit Card test data...
Saving Credit Card PCA KM test cluster labels to csv...
Saving Credit Card PCA GM test cluster labels to csv...
Reading Credit Card test data...
Reading ICA-reduced Credit Card test data...
Saving Credit Card ICA KM test cluster labels to csv...
Saving Credit Card ICA GM test cluster labels to csv...
Reading Credit Card test data...
Reading RP-reduced Credit Card test data...
Saving Credit Card RP KM test cluster labels to csv...
Saving Credit Card RP GM test cluster labels to csv...
Reading Credit Card test data...
Reading LDA-reduced Credit Card test data...
Saving Credit Card LDA KM test cluster labels to csv...
Saving Credit Card LDA GM test cluster labels to csv...
Reading Sign Language test data...
Reading PCA-reduced Sign Language test data...
Saving Sign Language PCA KM test cluster labels to csv...
Saving Sign Language PCA GM test cluster labels to csv...
Reading Sign Language test data...
Reading ICA-reduced Sign Language test data...
Saving Sign Language ICA KM test cluster labels to csv...
Saving Sign Language ICA GM test cluster labels to csv...
Reading Sign Language test data...
Reading RP-reduced Sign Language test data...
Saving Sign Language RP KM test cluster labels to csv...
Saving Sign Language RP GM test cluster labels to csv...
Reading Sign Language test data...
Reading LDA-reduced Sign Language test data...
Saving Sign Language LDA KM test cluster labels to csv...
Saving Sign Language LDA GM test cluster labels to csv...
done.

Modeling and predicting using reduced and clustered data
----------
Reading Credit Card  data...
Reading PCA-reduced Credit Card  data...
Retrieving PCA-reduced and KM-clustered Credit Card training data...
Training...
Predicting...
PCA + KM on Credit Card Train Data f1 score: 0.974
Reading Credit Card test data...
Reading PCA-reduced Credit Card test data...
Retrieving PCA-reduced and KM-clustered Credit Card test data...
Predicting...
PCA + KM on Credit Card Test Data f1 score: 0.856
-----
Reading Credit Card  data...
Reading ICA-reduced Credit Card  data...
Retrieving ICA-reduced and KM-clustered Credit Card training data...
Training...
Predicting...
ICA + KM on Credit Card Train Data f1 score: 0.902
Reading Credit Card test data...
Reading ICA-reduced Credit Card test data...
Retrieving ICA-reduced and KM-clustered Credit Card test data...
Predicting...
ICA + KM on Credit Card Test Data f1 score: 0.067
-----
Reading Credit Card  data...
Reading RP-reduced Credit Card  data...
Retrieving RP-reduced and KM-clustered Credit Card training data...
Training...
Predicting...
RP + KM on Credit Card Train Data f1 score: 0.907
Reading Credit Card test data...
Reading RP-reduced Credit Card test data...
Retrieving RP-reduced and KM-clustered Credit Card test data...
Predicting...
RP + KM on Credit Card Test Data f1 score: 0.008
-----
Reading Credit Card  data...
Reading LDA-reduced Credit Card  data...
Retrieving LDA-reduced and KM-clustered Credit Card training data...
Training...
Predicting...
LDA + KM on Credit Card Train Data f1 score: 0.907
Reading Credit Card test data...
Reading LDA-reduced Credit Card test data...
Retrieving LDA-reduced and KM-clustered Credit Card test data...
Predicting...
LDA + KM on Credit Card Test Data f1 score: 0.878
-----
Reading Credit Card  data...
Reading PCA-reduced Credit Card  data...
Retrieving PCA-reduced and GM-clustered Credit Card training data...
Training...
Predicting...
PCA + GM on Credit Card Train Data f1 score: 0.982
Reading Credit Card test data...
Reading PCA-reduced Credit Card test data...
Retrieving PCA-reduced and GM-clustered Credit Card test data...
Predicting...
PCA + GM on Credit Card Test Data f1 score: 0.792
-----
Reading Credit Card  data...
Reading ICA-reduced Credit Card  data...
Retrieving ICA-reduced and GM-clustered Credit Card training data...
Training...
Predicting...
ICA + GM on Credit Card Train Data f1 score: 0.908
Reading Credit Card test data...
Reading ICA-reduced Credit Card test data...
Retrieving ICA-reduced and GM-clustered Credit Card test data...
Predicting...
ICA + GM on Credit Card Test Data f1 score: 0.087
-----
Reading Credit Card  data...
Reading RP-reduced Credit Card  data...
Retrieving RP-reduced and GM-clustered Credit Card training data...
Training...
Predicting...
RP + GM on Credit Card Train Data f1 score: 0.913
Reading Credit Card test data...
Reading RP-reduced Credit Card test data...
Retrieving RP-reduced and GM-clustered Credit Card test data...
Predicting...
RP + GM on Credit Card Test Data f1 score: 0.067
-----
Reading Credit Card  data...
Reading LDA-reduced Credit Card  data...
Retrieving LDA-reduced and GM-clustered Credit Card training data...
Training...
Predicting...
LDA + GM on Credit Card Train Data f1 score: 0.907
Reading Credit Card test data...
Reading LDA-reduced Credit Card test data...
Retrieving LDA-reduced and GM-clustered Credit Card test data...
Predicting...
LDA + GM on Credit Card Test Data f1 score: 0.878
-----
plot Credit Card Train F1 Score
(Reduced and Clustered)...
plot Credit Card Test F1 Score
(Reduced and Clustered)...
Reading Sign Language  data...
Reading PCA-reduced Sign Language  data...
Retrieving PCA-reduced and KM-clustered Sign Language training data...
Training...
Predicting...
PCA + KM on Sign Language Train Data accuracy: 1.000
Reading Sign Language test data...
Reading PCA-reduced Sign Language test data...
Retrieving PCA-reduced and KM-clustered Sign Language test data...
Predicting...
PCA + KM on Sign Language Test Data accuracy: 0.090
-----
Reading Sign Language  data...
Reading ICA-reduced Sign Language  data...
Retrieving ICA-reduced and KM-clustered Sign Language training data...
Training...
Predicting...
ICA + KM on Sign Language Train Data accuracy: 0.843
Reading Sign Language test data...
Reading ICA-reduced Sign Language test data...
Retrieving ICA-reduced and KM-clustered Sign Language test data...
Predicting...
ICA + KM on Sign Language Test Data accuracy: 0.046
-----
Reading Sign Language  data...
Reading RP-reduced Sign Language  data...
Retrieving RP-reduced and KM-clustered Sign Language training data...
Training...
Predicting...
RP + KM on Sign Language Train Data accuracy: 0.988
Reading Sign Language test data...
Reading RP-reduced Sign Language test data...
Retrieving RP-reduced and KM-clustered Sign Language test data...
Predicting...
RP + KM on Sign Language Test Data accuracy: 0.042
-----
Reading Sign Language  data...
Reading LDA-reduced Sign Language  data...
Retrieving LDA-reduced and KM-clustered Sign Language training data...
Training...
Predicting...
LDA + KM on Sign Language Train Data accuracy: 1.000
Reading Sign Language test data...
Reading LDA-reduced Sign Language test data...
Retrieving LDA-reduced and KM-clustered Sign Language test data...
Predicting...
LDA + KM on Sign Language Test Data accuracy: 0.052
-----
Reading Sign Language  data...
Reading PCA-reduced Sign Language  data...
Retrieving PCA-reduced and GM-clustered Sign Language training data...
Training...
Predicting...
PCA + GM on Sign Language Train Data accuracy: 1.000
Reading Sign Language test data...
Reading PCA-reduced Sign Language test data...
Retrieving PCA-reduced and GM-clustered Sign Language test data...
Predicting...
PCA + GM on Sign Language Test Data accuracy: 0.091
-----
Reading Sign Language  data...
Reading ICA-reduced Sign Language  data...
Retrieving ICA-reduced and GM-clustered Sign Language training data...
Training...
Predicting...
ICA + GM on Sign Language Train Data accuracy: 0.851
Reading Sign Language test data...
Reading ICA-reduced Sign Language test data...
Retrieving ICA-reduced and GM-clustered Sign Language test data...
Predicting...
ICA + GM on Sign Language Test Data accuracy: 0.048
-----
Reading Sign Language  data...
Reading RP-reduced Sign Language  data...
Retrieving RP-reduced and GM-clustered Sign Language training data...
Training...
Predicting...
RP + GM on Sign Language Train Data accuracy: 0.988
Reading Sign Language test data...
Reading RP-reduced Sign Language test data...
Retrieving RP-reduced and GM-clustered Sign Language test data...
Predicting...
RP + GM on Sign Language Test Data accuracy: 0.040
-----
Reading Sign Language  data...
Reading LDA-reduced Sign Language  data...
Retrieving LDA-reduced and GM-clustered Sign Language training data...
Training...
Predicting...
LDA + GM on Sign Language Train Data accuracy: 1.000
Reading Sign Language test data...
Reading LDA-reduced Sign Language test data...
Retrieving LDA-reduced and GM-clustered Sign Language test data...
Predicting...
LDA + GM on Sign Language Test Data accuracy: 0.038
-----
plot Sign Language Train Accuracy
(Reduced and Clustered)...
plot Sign Language Test Accuracy
(Reduced and Clustered)...

==========
End: Sun Nov  4 01:38:27 2018
==========
Total Time: 203 secs
asterix:a3 auimendoza$ 
